{"C:\\Users\\acer\\Desktop\\todolist_test\\Todolist-testing\\src\\complete.js": {"path":"C:\\Users\\acer\\Desktop\\todolist_test\\Todolist-testing\\src\\complete.js","statementMap":{"0":{"start":{"line":4,"column":17},"end":{"line":8,"column":1}},"1":{"start":{"line":5,"column":15},"end":{"line":5,"column":26}},"2":{"start":{"line":6,"column":2},"end":{"line":6,"column":23}},"3":{"start":{"line":7,"column":2},"end":{"line":7,"column":23}},"4":{"start":{"line":10,"column":17},"end":{"line":34,"column":1}},"5":{"start":{"line":11,"column":2},"end":{"line":33,"column":5}},"6":{"start":{"line":12,"column":15},"end":{"line":12,"column":39}},"7":{"start":{"line":13,"column":19},"end":{"line":13,"column":52}},"8":{"start":{"line":14,"column":17},"end":{"line":14,"column":35}},"9":{"start":{"line":16,"column":4},"end":{"line":22,"column":5}},"10":{"start":{"line":17,"column":6},"end":{"line":17,"column":33}},"11":{"start":{"line":18,"column":6},"end":{"line":18,"column":27}},"12":{"start":{"line":20,"column":6},"end":{"line":20,"column":36}},"13":{"start":{"line":21,"column":6},"end":{"line":21,"column":28}},"14":{"start":{"line":24,"column":4},"end":{"line":32,"column":6}},"15":{"start":{"line":25,"column":6},"end":{"line":31,"column":7}},"16":{"start":{"line":26,"column":8},"end":{"line":26,"column":35}},"17":{"start":{"line":27,"column":8},"end":{"line":27,"column":34}},"18":{"start":{"line":29,"column":8},"end":{"line":29,"column":38}},"19":{"start":{"line":30,"column":8},"end":{"line":30,"column":35}}},"fnMap":{"0":{"name":"(anonymous_0)","decl":{"start":{"line":4,"column":17},"end":{"line":4,"column":18}},"loc":{"start":{"line":4,"column":31},"end":{"line":8,"column":1}},"line":4},"1":{"name":"(anonymous_1)","decl":{"start":{"line":10,"column":17},"end":{"line":10,"column":18}},"loc":{"start":{"line":10,"column":23},"end":{"line":34,"column":1}},"line":10},"2":{"name":"(anonymous_2)","decl":{"start":{"line":11,"column":46},"end":{"line":11,"column":47}},"loc":{"start":{"line":11,"column":57},"end":{"line":33,"column":3}},"line":11},"3":{"name":"(anonymous_3)","decl":{"start":{"line":24,"column":21},"end":{"line":24,"column":22}},"loc":{"start":{"line":24,"column":27},"end":{"line":32,"column":5}},"line":24}},"branchMap":{"0":{"loc":{"start":{"line":16,"column":4},"end":{"line":22,"column":5}},"type":"if","locations":[{"start":{"line":16,"column":4},"end":{"line":22,"column":5}},{"start":{"line":19,"column":11},"end":{"line":22,"column":5}}],"line":16},"1":{"loc":{"start":{"line":25,"column":6},"end":{"line":31,"column":7}},"type":"if","locations":[{"start":{"line":25,"column":6},"end":{"line":31,"column":7}},{"start":{"line":28,"column":13},"end":{"line":31,"column":7}}],"line":25}},"s":{"0":1,"1":0,"2":0,"3":0,"4":1,"5":0,"6":0,"7":0,"8":0,"9":0,"10":0,"11":0,"12":0,"13":0,"14":0,"15":0,"16":0,"17":0,"18":0,"19":0},"f":{"0":0,"1":0,"2":0,"3":0},"b":{"0":[0,0],"1":[0,0]},"_coverageSchema":"1a1c01bbd47fc00a2c39e90264f33305004495a9","hash":"89c7e991daa4bcc61cfe6c64cc7325d992b5d198"}
,"C:\\Users\\acer\\Desktop\\todolist_test\\Todolist-testing\\src\\drag.js": {"path":"C:\\Users\\acer\\Desktop\\todolist_test\\Todolist-testing\\src\\drag.js","statementMap":{"0":{"start":{"line":7,"column":18},"end":{"line":9,"column":1}},"1":{"start":{"line":8,"column":2},"end":{"line":8,"column":52}},"2":{"start":{"line":11,"column":18},"end":{"line":29,"column":1}},"3":{"start":{"line":12,"column":18},"end":{"line":12,"column":77}},"4":{"start":{"line":13,"column":18},"end":{"line":13,"column":75}},"5":{"start":{"line":14,"column":2},"end":{"line":14,"column":41}},"6":{"start":{"line":15,"column":2},"end":{"line":15,"column":43}},"7":{"start":{"line":17,"column":18},"end":{"line":17,"column":37}},"8":{"start":{"line":18,"column":18},"end":{"line":18,"column":37}},"9":{"start":{"line":20,"column":2},"end":{"line":25,"column":3}},"10":{"start":{"line":21,"column":17},"end":{"line":21,"column":30}},"11":{"start":{"line":22,"column":4},"end":{"line":22,"column":34}},"12":{"start":{"line":23,"column":4},"end":{"line":23,"column":25}},"13":{"start":{"line":24,"column":4},"end":{"line":24,"column":25}},"14":{"start":{"line":27,"column":2},"end":{"line":27,"column":60}},"15":{"start":{"line":28,"column":2},"end":{"line":28,"column":58}},"16":{"start":{"line":31,"column":17},"end":{"line":39,"column":1}},"17":{"start":{"line":32,"column":2},"end":{"line":32,"column":21}},"18":{"start":{"line":33,"column":2},"end":{"line":37,"column":3}},"19":{"start":{"line":34,"column":4},"end":{"line":34,"column":81}},"20":{"start":{"line":36,"column":4},"end":{"line":36,"column":53}},"21":{"start":{"line":38,"column":2},"end":{"line":38,"column":35}},"22":{"start":{"line":41,"column":17},"end":{"line":43,"column":1}},"23":{"start":{"line":42,"column":2},"end":{"line":42,"column":21}},"24":{"start":{"line":46,"column":19},"end":{"line":46,"column":53}},"25":{"start":{"line":47,"column":20},"end":{"line":47,"column":51}},"26":{"start":{"line":49,"column":2},"end":{"line":51,"column":5}},"27":{"start":{"line":50,"column":4},"end":{"line":50,"column":50}},"28":{"start":{"line":53,"column":2},"end":{"line":56,"column":5}},"29":{"start":{"line":54,"column":4},"end":{"line":54,"column":44}},"30":{"start":{"line":55,"column":4},"end":{"line":55,"column":48}}},"fnMap":{"0":{"name":"(anonymous_0)","decl":{"start":{"line":7,"column":18},"end":{"line":7,"column":19}},"loc":{"start":{"line":7,"column":25},"end":{"line":9,"column":1}},"line":7},"1":{"name":"(anonymous_1)","decl":{"start":{"line":11,"column":18},"end":{"line":11,"column":19}},"loc":{"start":{"line":11,"column":32},"end":{"line":29,"column":1}},"line":11},"2":{"name":"(anonymous_2)","decl":{"start":{"line":31,"column":17},"end":{"line":31,"column":18}},"loc":{"start":{"line":31,"column":24},"end":{"line":39,"column":1}},"line":31},"3":{"name":"(anonymous_3)","decl":{"start":{"line":41,"column":17},"end":{"line":41,"column":18}},"loc":{"start":{"line":41,"column":24},"end":{"line":43,"column":1}},"line":41},"4":{"name":"(anonymous_4)","decl":{"start":{"line":45,"column":15},"end":{"line":45,"column":16}},"loc":{"start":{"line":45,"column":21},"end":{"line":57,"column":1}},"line":45},"5":{"name":"(anonymous_5)","decl":{"start":{"line":49,"column":19},"end":{"line":49,"column":20}},"loc":{"start":{"line":49,"column":29},"end":{"line":51,"column":3}},"line":49},"6":{"name":"(anonymous_6)","decl":{"start":{"line":53,"column":20},"end":{"line":53,"column":21}},"loc":{"start":{"line":53,"column":30},"end":{"line":56,"column":3}},"line":53}},"branchMap":{"0":{"loc":{"start":{"line":20,"column":2},"end":{"line":25,"column":3}},"type":"if","locations":[{"start":{"line":20,"column":2},"end":{"line":25,"column":3}},{"start":{},"end":{}}],"line":20},"1":{"loc":{"start":{"line":33,"column":2},"end":{"line":37,"column":3}},"type":"if","locations":[{"start":{"line":33,"column":2},"end":{"line":37,"column":3}},{"start":{"line":35,"column":9},"end":{"line":37,"column":3}}],"line":33}},"s":{"0":1,"1":0,"2":1,"3":0,"4":0,"5":0,"6":0,"7":0,"8":0,"9":0,"10":0,"11":0,"12":0,"13":0,"14":0,"15":0,"16":1,"17":0,"18":0,"19":0,"20":0,"21":0,"22":1,"23":0,"24":0,"25":0,"26":0,"27":0,"28":0,"29":0,"30":0},"f":{"0":0,"1":0,"2":0,"3":0,"4":0,"5":0,"6":0},"b":{"0":[0,0],"1":[0,0]},"_coverageSchema":"1a1c01bbd47fc00a2c39e90264f33305004495a9","hash":"43c558a7e7978b17b30b1984b4939593291012a6"}
,"C:\\Users\\acer\\Desktop\\todolist_test\\Todolist-testing\\src\\script.js": {"path":"C:\\Users\\acer\\Desktop\\todolist_test\\Todolist-testing\\src\\script.js","statementMap":{"0":{"start":{"line":8,"column":12},"end":{"line":8,"column":14}},"1":{"start":{"line":10,"column":27},"end":{"line":12,"column":1}},"2":{"start":{"line":11,"column":2},"end":{"line":11,"column":55}},"3":{"start":{"line":14,"column":16},"end":{"line":17,"column":1}},"4":{"start":{"line":15,"column":19},"end":{"line":15,"column":60}},"5":{"start":{"line":15,"column":42},"end":{"line":15,"column":56}},"6":{"start":{"line":16,"column":2},"end":{"line":16,"column":18}},"7":{"start":{"line":19,"column":15},"end":{"line":26,"column":1}},"8":{"start":{"line":20,"column":19},"end":{"line":20,"column":21}},"9":{"start":{"line":21,"column":2},"end":{"line":21,"column":49}},"10":{"start":{"line":21,"column":33},"end":{"line":21,"column":47}},"11":{"start":{"line":22,"column":2},"end":{"line":24,"column":5}},"12":{"start":{"line":23,"column":4},"end":{"line":23,"column":38}},"13":{"start":{"line":25,"column":2},"end":{"line":25,"column":19}},"14":{"start":{"line":28,"column":26},"end":{"line":34,"column":1}},"15":{"start":{"line":29,"column":2},"end":{"line":33,"column":3}},"16":{"start":{"line":30,"column":4},"end":{"line":30,"column":54}},"17":{"start":{"line":32,"column":4},"end":{"line":32,"column":54}},"18":{"start":{"line":36,"column":18},"end":{"line":45,"column":1}},"19":{"start":{"line":37,"column":2},"end":{"line":44,"column":5}},"20":{"start":{"line":38,"column":4},"end":{"line":43,"column":6}},"21":{"start":{"line":39,"column":24},"end":{"line":39,"column":55}},"22":{"start":{"line":40,"column":6},"end":{"line":40,"column":27}},"23":{"start":{"line":41,"column":6},"end":{"line":41,"column":27}},"24":{"start":{"line":42,"column":6},"end":{"line":42,"column":25}},"25":{"start":{"line":47,"column":15},"end":{"line":77,"column":1}},"26":{"start":{"line":48,"column":15},"end":{"line":48,"column":51}},"27":{"start":{"line":49,"column":14},"end":{"line":49,"column":43}},"28":{"start":{"line":50,"column":13},"end":{"line":50,"column":41}},"29":{"start":{"line":51,"column":2},"end":{"line":69,"column":10}},"30":{"start":{"line":70,"column":2},"end":{"line":70,"column":28}},"31":{"start":{"line":71,"column":2},"end":{"line":71,"column":38}},"32":{"start":{"line":72,"column":2},"end":{"line":72,"column":45}},"33":{"start":{"line":73,"column":2},"end":{"line":73,"column":19}},"34":{"start":{"line":74,"column":2},"end":{"line":74,"column":22}},"35":{"start":{"line":75,"column":2},"end":{"line":75,"column":35}},"36":{"start":{"line":76,"column":2},"end":{"line":76,"column":23}},"37":{"start":{"line":79,"column":13},"end":{"line":85,"column":1}},"38":{"start":{"line":80,"column":19},"end":{"line":80,"column":30}},"39":{"start":{"line":81,"column":2},"end":{"line":81,"column":40}},"40":{"start":{"line":82,"column":2},"end":{"line":82,"column":23}},"41":{"start":{"line":83,"column":2},"end":{"line":83,"column":14}},"42":{"start":{"line":84,"column":2},"end":{"line":84,"column":13}},"43":{"start":{"line":87,"column":19},"end":{"line":117,"column":1}},"44":{"start":{"line":88,"column":2},"end":{"line":116,"column":5}},"45":{"start":{"line":89,"column":4},"end":{"line":115,"column":6}},"46":{"start":{"line":91,"column":20},"end":{"line":91,"column":42}},"47":{"start":{"line":92,"column":24},"end":{"line":92,"column":55}},"48":{"start":{"line":93,"column":19},"end":{"line":93,"column":76}},"49":{"start":{"line":94,"column":19},"end":{"line":94,"column":96}},"50":{"start":{"line":95,"column":6},"end":{"line":95,"column":37}},"51":{"start":{"line":96,"column":6},"end":{"line":96,"column":34}},"52":{"start":{"line":97,"column":6},"end":{"line":97,"column":45}},"53":{"start":{"line":98,"column":6},"end":{"line":98,"column":38}},"54":{"start":{"line":99,"column":6},"end":{"line":99,"column":33}},"55":{"start":{"line":102,"column":6},"end":{"line":114,"column":8}},"56":{"start":{"line":103,"column":8},"end":{"line":103,"column":27}},"57":{"start":{"line":104,"column":26},"end":{"line":104,"column":39}},"58":{"start":{"line":105,"column":23},"end":{"line":105,"column":59}},"59":{"start":{"line":106,"column":21},"end":{"line":106,"column":32}},"60":{"start":{"line":107,"column":8},"end":{"line":107,"column":50}},"61":{"start":{"line":108,"column":8},"end":{"line":108,"column":36}},"62":{"start":{"line":109,"column":8},"end":{"line":109,"column":39}},"63":{"start":{"line":110,"column":8},"end":{"line":110,"column":31}},"64":{"start":{"line":111,"column":8},"end":{"line":111,"column":45}},"65":{"start":{"line":112,"column":8},"end":{"line":112,"column":37}},"66":{"start":{"line":113,"column":8},"end":{"line":113,"column":38}},"67":{"start":{"line":119,"column":17},"end":{"line":134,"column":1}},"68":{"start":{"line":120,"column":2},"end":{"line":133,"column":4}},"69":{"start":{"line":121,"column":23},"end":{"line":121,"column":25}},"70":{"start":{"line":122,"column":4},"end":{"line":124,"column":7}},"71":{"start":{"line":122,"column":27},"end":{"line":122,"column":50}},"72":{"start":{"line":123,"column":6},"end":{"line":123,"column":42}},"73":{"start":{"line":125,"column":4},"end":{"line":125,"column":23}},"74":{"start":{"line":126,"column":4},"end":{"line":126,"column":25}},"75":{"start":{"line":127,"column":4},"end":{"line":132,"column":7}},"76":{"start":{"line":128,"column":21},"end":{"line":128,"column":54}},"77":{"start":{"line":129,"column":6},"end":{"line":131,"column":7}},"78":{"start":{"line":130,"column":8},"end":{"line":130,"column":24}},"79":{"start":{"line":136,"column":12},"end":{"line":138,"column":1}},"80":{"start":{"line":137,"column":2},"end":{"line":137,"column":19}}},"fnMap":{"0":{"name":"(anonymous_0)","decl":{"start":{"line":10,"column":27},"end":{"line":10,"column":28}},"loc":{"start":{"line":10,"column":33},"end":{"line":12,"column":1}},"line":10},"1":{"name":"(anonymous_1)","decl":{"start":{"line":14,"column":16},"end":{"line":14,"column":17}},"loc":{"start":{"line":14,"column":24},"end":{"line":17,"column":1}},"line":14},"2":{"name":"(anonymous_2)","decl":{"start":{"line":15,"column":32},"end":{"line":15,"column":33}},"loc":{"start":{"line":15,"column":42},"end":{"line":15,"column":56}},"line":15},"3":{"name":"(anonymous_3)","decl":{"start":{"line":19,"column":15},"end":{"line":19,"column":16}},"loc":{"start":{"line":19,"column":23},"end":{"line":26,"column":1}},"line":19},"4":{"name":"(anonymous_4)","decl":{"start":{"line":21,"column":23},"end":{"line":21,"column":24}},"loc":{"start":{"line":21,"column":33},"end":{"line":21,"column":47}},"line":21},"5":{"name":"(anonymous_5)","decl":{"start":{"line":22,"column":16},"end":{"line":22,"column":17}},"loc":{"start":{"line":22,"column":33},"end":{"line":24,"column":3}},"line":22},"6":{"name":"(anonymous_6)","decl":{"start":{"line":28,"column":26},"end":{"line":28,"column":27}},"loc":{"start":{"line":28,"column":32},"end":{"line":34,"column":1}},"line":28},"7":{"name":"(anonymous_7)","decl":{"start":{"line":36,"column":18},"end":{"line":36,"column":19}},"loc":{"start":{"line":36,"column":24},"end":{"line":45,"column":1}},"line":36},"8":{"name":"(anonymous_8)","decl":{"start":{"line":37,"column":47},"end":{"line":37,"column":48}},"loc":{"start":{"line":37,"column":56},"end":{"line":44,"column":3}},"line":37},"9":{"name":"(anonymous_9)","decl":{"start":{"line":38,"column":18},"end":{"line":38,"column":19}},"loc":{"start":{"line":38,"column":24},"end":{"line":43,"column":5}},"line":38},"10":{"name":"(anonymous_10)","decl":{"start":{"line":47,"column":15},"end":{"line":47,"column":16}},"loc":{"start":{"line":47,"column":25},"end":{"line":77,"column":1}},"line":47},"11":{"name":"(anonymous_11)","decl":{"start":{"line":79,"column":13},"end":{"line":79,"column":14}},"loc":{"start":{"line":79,"column":27},"end":{"line":85,"column":1}},"line":79},"12":{"name":"(anonymous_12)","decl":{"start":{"line":87,"column":19},"end":{"line":87,"column":20}},"loc":{"start":{"line":87,"column":25},"end":{"line":117,"column":1}},"line":87},"13":{"name":"(anonymous_13)","decl":{"start":{"line":88,"column":45},"end":{"line":88,"column":46}},"loc":{"start":{"line":88,"column":54},"end":{"line":116,"column":3}},"line":88},"14":{"name":"(anonymous_14)","decl":{"start":{"line":89,"column":18},"end":{"line":89,"column":19}},"loc":{"start":{"line":89,"column":24},"end":{"line":115,"column":5}},"line":89},"15":{"name":"(anonymous_15)","decl":{"start":{"line":102,"column":22},"end":{"line":102,"column":23}},"loc":{"start":{"line":102,"column":29},"end":{"line":114,"column":7}},"line":102},"16":{"name":"(anonymous_16)","decl":{"start":{"line":119,"column":17},"end":{"line":119,"column":18}},"loc":{"start":{"line":119,"column":23},"end":{"line":134,"column":1}},"line":119},"17":{"name":"(anonymous_17)","decl":{"start":{"line":120,"column":48},"end":{"line":120,"column":49}},"loc":{"start":{"line":120,"column":54},"end":{"line":133,"column":3}},"line":120},"18":{"name":"(anonymous_18)","decl":{"start":{"line":122,"column":17},"end":{"line":122,"column":18}},"loc":{"start":{"line":122,"column":27},"end":{"line":122,"column":50}},"line":122},"19":{"name":"(anonymous_19)","decl":{"start":{"line":122,"column":60},"end":{"line":122,"column":61}},"loc":{"start":{"line":122,"column":77},"end":{"line":124,"column":5}},"line":122},"20":{"name":"(anonymous_20)","decl":{"start":{"line":127,"column":48},"end":{"line":127,"column":49}},"loc":{"start":{"line":127,"column":59},"end":{"line":132,"column":5}},"line":127},"21":{"name":"(anonymous_21)","decl":{"start":{"line":136,"column":12},"end":{"line":136,"column":13}},"loc":{"start":{"line":136,"column":22},"end":{"line":138,"column":1}},"line":136}},"branchMap":{"0":{"loc":{"start":{"line":29,"column":2},"end":{"line":33,"column":3}},"type":"if","locations":[{"start":{"line":29,"column":2},"end":{"line":33,"column":3}},{"start":{"line":31,"column":9},"end":{"line":33,"column":3}}],"line":29},"1":{"loc":{"start":{"line":129,"column":6},"end":{"line":131,"column":7}},"type":"if","locations":[{"start":{"line":129,"column":6},"end":{"line":131,"column":7}},{"start":{},"end":{}}],"line":129}},"s":{"0":1,"1":1,"2":0,"3":1,"4":0,"5":0,"6":0,"7":1,"8":3,"9":3,"10":6,"11":3,"12":3,"13":3,"14":1,"15":0,"16":0,"17":0,"18":1,"19":0,"20":0,"21":0,"22":0,"23":0,"24":0,"25":1,"26":0,"27":0,"28":0,"29":0,"30":0,"31":0,"32":0,"33":0,"34":0,"35":0,"36":0,"37":1,"38":0,"39":0,"40":0,"41":0,"42":0,"43":1,"44":0,"45":0,"46":0,"47":0,"48":0,"49":0,"50":0,"51":0,"52":0,"53":0,"54":0,"55":0,"56":0,"57":0,"58":0,"59":0,"60":0,"61":0,"62":0,"63":0,"64":0,"65":0,"66":0,"67":1,"68":0,"69":0,"70":0,"71":0,"72":0,"73":0,"74":0,"75":0,"76":0,"77":0,"78":0,"79":1,"80":3},"f":{"0":0,"1":0,"2":0,"3":3,"4":6,"5":3,"6":0,"7":0,"8":0,"9":0,"10":0,"11":0,"12":0,"13":0,"14":0,"15":0,"16":0,"17":0,"18":0,"19":0,"20":0,"21":3},"b":{"0":[0,0],"1":[0,0]},"_coverageSchema":"1a1c01bbd47fc00a2c39e90264f33305004495a9","hash":"8a3ada25d0f7690e1f78388203d48dc2ab03bef7"}
}
